<?xml version="1.0" encoding="UTF-8"?>
<!-- Generated by org.testng.reporters.JUnitReportReporter -->
<testsuite hostname="DESKTOP-NO6VRSL" failures="0" tests="2" name="taskOne.myFristTask" time="0.676" errors="0" timestamp="2025-04-19T22:55:56 PDT" skipped="0">
  <testcase classname="taskOne.myFristTask" name="logIn" time="0.469"/>
  <testcase classname="taskOne.myFristTask" name="printDescripsion" time="0.207"/>
</testsuite> <!-- taskOne.myFristTask -->
